<?xml version="1.0" encoding="UTF-8"?>
<testng-results skipped="0" failed="0" ignored="0" total="1" passed="1">
  <reporter-output>
  </reporter-output>
  <suite name="suite1" duration-ms="7835" started-at="2020-10-10T17:07:35 IST" finished-at="2020-10-10T17:07:43 IST">
    <groups>
    </groups>
    <test name="test1" duration-ms="7835" started-at="2020-10-10T17:07:35 IST" finished-at="2020-10-10T17:07:43 IST">
      <class name="com.execution.AmazonTest">
        <test-method status="PASS" signature="setup(java.lang.String)[pri:0, instance:com.execution.AmazonTest@2f686d1f]" name="setup" is-config="true" duration-ms="11854" started-at="2020-10-10T17:07:23 IST" finished-at="2020-10-10T17:07:35 IST">
          <params>
            <param index="0">
              <value>
                <![CDATA[chrome]]>
              </value>
            </param>
          </params>
          <reporter-output>
          </reporter-output>
        </test-method> <!-- setup -->
        <test-method status="PASS" signature="webScraping()[pri:0, instance:com.execution.AmazonTest@2f686d1f]" name="webScraping" duration-ms="7722" started-at="2020-10-10T17:07:35 IST" finished-at="2020-10-10T17:07:43 IST">
          <reporter-output>
          </reporter-output>
        </test-method> <!-- webScraping -->
        <test-method status="PASS" signature="teardown()[pri:0, instance:com.execution.AmazonTest@2f686d1f]" name="teardown" is-config="true" duration-ms="682" started-at="2020-10-10T17:07:45 IST" finished-at="2020-10-10T17:07:46 IST">
          <reporter-output>
          </reporter-output>
        </test-method> <!-- teardown -->
      </class> <!-- com.execution.AmazonTest -->
    </test> <!-- test1 -->
  </suite> <!-- suite1 -->
</testng-results>
